<?xml version="1.0" encoding="UTF-8"?>
<!-- Generated by org.testng.reporters.JUnitXMLReporter -->
<testsuite hostname="LP-13" name="TabletsSTZWByVideosCategory" tests="2" failures="1" timestamp="24 Aug 2015 18:11:18 GMT" time="316.913" errors="0">
  <testcase name="executeTestCase" time="105.961" classname="Functional_Scenarios.TabletsSTZWByVideosCategory">
    <failure type="org.openqa.selenium.NoSuchElementException" message="An element could not be located on the page using the given search parameters. (WARNING: The server did not provide any stacktrace information)
Command duration or timeout: 40.03 seconds
For documentation on this error, please visit: http://seleniumhq.org/exceptions/no_such_element.html
Build info: version: &amp;apos;unknown&amp;apos;, revision: &amp;apos;unknown&amp;apos;, time: &amp;apos;unknown&amp;apos;
System info: host: &amp;apos;LP-13&amp;apos;, ip: &amp;apos;192.168.1.6&amp;apos;, os.name: &amp;apos;Windows 7&amp;apos;, os.arch: &amp;apos;amd64&amp;apos;, os.version: &amp;apos;6.1&amp;apos;, java.version: &amp;apos;1.7.0_75&amp;apos;
*** Element info: {Using=name, value=SKIP}
Session ID: ff7884af-ae98-4abc-86f9-4665ef808014
Driver info: io.appium.java_client.android.AndroidDriver
Capabilities [{platform=LINUX, app=C:\sdk\build-tools\android-4.4W\app-debug-12502.apk, javascriptEnabled=true, browserName=Android, desired={app=C:\sdk\build-tools\android-4.4W\app-debug-12502.apk, platformVersion=4.4.2, deviceName=SM-N750, platformName=Android, app-package=com.zopperapp.dev, app-activity=com.zopper.aegon.ui.activity.OnBoardingActivity, platformname=Android}, platformVersion=4.4.2, databaseEnabled=false, platformName=Android, deviceName=SM-N750, app-package=com.zopperapp.dev, webStorageEnabled=false, platformname=Android, app-activity=com.zopper.aegon.ui.activity.OnBoardingActivity, warnings={}, takesScreenshot=true}]">
      <![CDATA[org.openqa.selenium.NoSuchElementException: An element could not be located on the page using the given search parameters. (WARNING: The server did not provide any stacktrace information)
Command duration or timeout: 40.03 seconds
For documentation on this error, please visit: http://seleniumhq.org/exceptions/no_such_element.html
Build info: version: 'unknown', revision: 'unknown', time: 'unknown'
System info: host: 'LP-13', ip: '192.168.1.6', os.name: 'Windows 7', os.arch: 'amd64', os.version: '6.1', java.version: '1.7.0_75'
*** Element info: {Using=name, value=SKIP}
Session ID: ff7884af-ae98-4abc-86f9-4665ef808014
Driver info: io.appium.java_client.android.AndroidDriver
Capabilities [{platform=LINUX, app=C:\sdk\build-tools\android-4.4W\app-debug-12502.apk, javascriptEnabled=true, browserName=Android, desired={app=C:\sdk\build-tools\android-4.4W\app-debug-12502.apk, platformVersion=4.4.2, deviceName=SM-N750, platformName=Android, app-package=com.zopperapp.dev, app-activity=com.zopper.aegon.ui.activity.OnBoardingActivity, platformname=Android}, platformVersion=4.4.2, databaseEnabled=false, platformName=Android, deviceName=SM-N750, app-package=com.zopperapp.dev, webStorageEnabled=false, platformname=Android, app-activity=com.zopper.aegon.ui.activity.OnBoardingActivity, warnings={}, takesScreenshot=true}]
	at org.openqa.selenium.remote.ErrorHandler.createThrowable(ErrorHandler.java:204)
	at org.openqa.selenium.remote.ErrorHandler.throwIfResponseFailed(ErrorHandler.java:156)
	at org.openqa.selenium.remote.RemoteWebDriver.execute(RemoteWebDriver.java:599)
	at io.appium.java_client.DefaultGenericMobileDriver.execute(DefaultGenericMobileDriver.java:27)
	at io.appium.java_client.AppiumDriver.execute(AppiumDriver.java:1)
	at io.appium.java_client.android.AndroidDriver.execute(AndroidDriver.java:1)
	at org.openqa.selenium.remote.RemoteWebDriver.findElement(RemoteWebDriver.java:352)
	at org.openqa.selenium.remote.RemoteWebDriver.findElementByName(RemoteWebDriver.java:425)
	at io.appium.java_client.DefaultGenericMobileDriver.findElementByName(DefaultGenericMobileDriver.java:75)
	at io.appium.java_client.AppiumDriver.findElementByName(AppiumDriver.java:1)
	at io.appium.java_client.android.AndroidDriver.findElementByName(AndroidDriver.java:1)
	at org.openqa.selenium.By$ByName.findElement(By.java:299)
	at org.openqa.selenium.remote.RemoteWebDriver.findElement(RemoteWebDriver.java:344)
	at io.appium.java_client.DefaultGenericMobileDriver.findElement(DefaultGenericMobileDriver.java:37)
	at io.appium.java_client.AppiumDriver.findElement(AppiumDriver.java:1)
	at io.appium.java_client.android.AndroidDriver.findElement(AndroidDriver.java:1)
	at Functional_Scenarios.BaseTest.findElementByName(BaseTest.java:63)
	at Functional_Scenarios.BaseTest.clickName(BaseTest.java:75)
	at Functional_Scenarios.TabletsSTZWByVideosCategory.executeTestCase(TabletsSTZWByVideosCategory.java:44)
... Removed 27 stack frames]]>
    </failure>
  </testcase> <!-- executeTestCase -->
  <testcase name="executeTestCase" time="117.508" classname="Functional_Scenarios.TabletsSTZWByVideosCategory"/>
</testsuite> <!-- TabletsSTZWByVideosCategory -->
