<?xml version="1.0" encoding="UTF-8"?>
<testsuite name="TabletsSTZWByReadingCategory"
           tests="1"
           failures="1"
           errors="0"
           skipped="0"
           time="66.859">
  <properties />
            <testcase name="executeTestCase" time="66.859" classname="Functional_Scenarios.TabletsSTZWByReadingCategory">
                <failure type="org.openqa.selenium.NoSuchElementException"
                  message="An element could not be located on the page using the given search parameters. (WARNING: The server did not provide any stacktrace information)
Command duration or timeout: 40.61 seconds
For documentation on this error, please visit: http://seleniumhq.org/exceptions/no_such_element.html
Build info: version: &apos;unknown&apos;, revision: &apos;unknown&apos;, time: &apos;unknown&apos;
System info: host: &apos;LP-13&apos;, ip: &apos;192.168.1.6&apos;, os.name: &apos;Windows 7&apos;, os.arch: &apos;amd64&apos;, os.version: &apos;6.1&apos;, java.version: &apos;1.7.0_75&apos;
*** Element info: {Using=id, value=com.zopperapp.dev:id/iv_smart_cat1}
Session ID: 3f1c38ce-8ad0-4e09-acdb-8a961c18c746
Driver info: io.appium.java_client.android.AndroidDriver
Capabilities [{platform=LINUX, app=C:\sdk\build-tools\android-4.4W\app-debug-12502.apk, javascriptEnabled=true, browserName=Android, desired={app=C:\sdk\build-tools\android-4.4W\app-debug-12502.apk, platformVersion=4.4.2, deviceName=SM-N750, platformName=Android, app-package=com.zopperapp.dev, app-activity=com.zopper.aegon.ui.activity.OnBoardingActivity, platformname=Android}, platformVersion=4.4.2, databaseEnabled=false, platformName=Android, deviceName=SM-N750, app-package=com.zopperapp.dev, webStorageEnabled=false, platformname=Android, app-activity=com.zopper.aegon.ui.activity.OnBoardingActivity, warnings={}, takesScreenshot=true}]"
              >
<![CDATA[org.openqa.selenium.NoSuchElementException: An element could not be located on the page using the given search parameters. (WARNING: The server did not provide any stacktrace information)
Command duration or timeout: 40.61 seconds
For documentation on this error, please visit: http://seleniumhq.org/exceptions/no_such_element.html
Build info: version: 'unknown', revision: 'unknown', time: 'unknown'
System info: host: 'LP-13', ip: '192.168.1.6', os.name: 'Windows 7', os.arch: 'amd64', os.version: '6.1', java.version: '1.7.0_75'
*** Element info: {Using=id, value=com.zopperapp.dev:id/iv_smart_cat1}
Session ID: 3f1c38ce-8ad0-4e09-acdb-8a961c18c746
Driver info: io.appium.java_client.android.AndroidDriver
Capabilities [{platform=LINUX, app=C:\sdk\build-tools\android-4.4W\app-debug-12502.apk, javascriptEnabled=true, browserName=Android, desired={app=C:\sdk\build-tools\android-4.4W\app-debug-12502.apk, platformVersion=4.4.2, deviceName=SM-N750, platformName=Android, app-package=com.zopperapp.dev, app-activity=com.zopper.aegon.ui.activity.OnBoardingActivity, platformname=Android}, platformVersion=4.4.2, databaseEnabled=false, platformName=Android, deviceName=SM-N750, app-package=com.zopperapp.dev, webStorageEnabled=false, platformname=Android, app-activity=com.zopper.aegon.ui.activity.OnBoardingActivity, warnings={}, takesScreenshot=true}]
  sun.reflect.GeneratedConstructorAccessor14.newInstance(Unknown Source)
  sun.reflect.DelegatingConstructorAccessorImpl.newInstance(Unknown Source)
  java.lang.reflect.Constructor.newInstance(Unknown Source)
  org.openqa.selenium.remote.ErrorHandler.createThrowable(ErrorHandler.java:204)
  org.openqa.selenium.remote.ErrorHandler.throwIfResponseFailed(ErrorHandler.java:156)
  org.openqa.selenium.remote.RemoteWebDriver.execute(RemoteWebDriver.java:599)
  io.appium.java_client.DefaultGenericMobileDriver.execute(DefaultGenericMobileDriver.java:27)
  io.appium.java_client.AppiumDriver.execute(AppiumDriver.java:1)
  io.appium.java_client.android.AndroidDriver.execute(AndroidDriver.java:1)
  org.openqa.selenium.remote.RemoteWebDriver.findElement(RemoteWebDriver.java:352)
  org.openqa.selenium.remote.RemoteWebDriver.findElementById(RemoteWebDriver.java:393)
  io.appium.java_client.DefaultGenericMobileDriver.findElementById(DefaultGenericMobileDriver.java:47)
  io.appium.java_client.AppiumDriver.findElementById(AppiumDriver.java:1)
  io.appium.java_client.android.AndroidDriver.findElementById(AndroidDriver.java:1)
  org.openqa.selenium.By$ById.findElement(By.java:214)
  org.openqa.selenium.remote.RemoteWebDriver.findElement(RemoteWebDriver.java:344)
  io.appium.java_client.DefaultGenericMobileDriver.findElement(DefaultGenericMobileDriver.java:37)
  io.appium.java_client.AppiumDriver.findElement(AppiumDriver.java:1)
  io.appium.java_client.android.AndroidDriver.findElement(AndroidDriver.java:1)
  Functional_Scenarios.BaseTest.findElementById(BaseTest.java:59)
  Functional_Scenarios.BaseTest.clickId(BaseTest.java:79)
  Functional_Scenarios.TabletsSTZWByReadingCategory.executeTestCase(TabletsSTZWByReadingCategory.java:39)
  sun.reflect.NativeMethodAccessorImpl.invoke0(Native Method)
  sun.reflect.NativeMethodAccessorImpl.invoke(Unknown Source)
  sun.reflect.DelegatingMethodAccessorImpl.invoke(Unknown Source)
  java.lang.reflect.Method.invoke(Unknown Source)
  org.testng.internal.MethodInvocationHelper.invokeMethod(MethodInvocationHelper.java:84)
  org.testng.internal.Invoker.invokeMethod(Invoker.java:714)
  org.testng.internal.Invoker.invokeTestMethod(Invoker.java:901)
  org.testng.internal.Invoker.invokeTestMethods(Invoker.java:1231)
  org.testng.internal.TestMethodWorker.invokeTestMethods(TestMethodWorker.java:127)
  org.testng.internal.TestMethodWorker.run(TestMethodWorker.java:111)
  org.testng.TestRunner.privateRun(TestRunner.java:767)
  org.testng.TestRunner.run(TestRunner.java:617)
  org.testng.SuiteRunner.runTest(SuiteRunner.java:334)
  org.testng.SuiteRunner.runSequentially(SuiteRunner.java:329)
  org.testng.SuiteRunner.privateRun(SuiteRunner.java:291)
  org.testng.SuiteRunner.run(SuiteRunner.java:240)
  org.testng.SuiteRunnerWorker.runSuite(SuiteRunnerWorker.java:52)
  org.testng.SuiteRunnerWorker.run(SuiteRunnerWorker.java:86)
  org.testng.TestNG.runSuitesSequentially(TestNG.java:1224)
  org.testng.TestNG.runSuitesLocally(TestNG.java:1149)
  org.testng.TestNG.run(TestNG.java:1057)
  org.testng.remote.RemoteTestNG.run(RemoteTestNG.java:111)
  org.testng.remote.RemoteTestNG.initAndRun(RemoteTestNG.java:204)
  org.testng.remote.RemoteTestNG.main(RemoteTestNG.java:175)
]]>
      </failure>

          </testcase>
  
  
  
</testsuite>
