<?xml version="1.0" encoding="UTF-8"?>
<!-- Generated by org.testng.reporters.JUnitReportReporter -->
<testsuite hostname="LP-13" name="Functional_Scenarios.WMSTZWByLargeCategory" tests="1" failures="1" timestamp="24 Aug 2015 18:48:25 GMT" time="150.749" errors="0">
  <testcase name="executeTestCase" time="150.749" classname="Functional_Scenarios.WMSTZWByLargeCategory">
    <failure type="org.openqa.selenium.NoSuchElementException" message="An element could not be located on the page using the given search parameters. (WARNING: The server did not provide any stacktrace information)
Command duration or timeout: 40.71 seconds
For documentation on this error, please visit: http://seleniumhq.org/exceptions/no_such_element.html
Build info: version: &#039;unknown&#039;, revision: &#039;unknown&#039;, time: &#039;unknown&#039;
System info: host: &#039;LP-13&#039;, ip: &#039;192.168.1.6&#039;, os.name: &#039;Windows 7&#039;, os.arch: &#039;amd64&#039;, os.version: &#039;6.1&#039;, java.version: &#039;1.7.0_75&#039;
*** Element info: {Using=xpath, value=//android.widget.FrameLayout /android.support.v7.widget.RecyclerView /android.widget.RelativeLayout[1] /android.widget.TextView[1]}
Session ID: 5b2f3f36-0188-47e0-a3db-8bd7ee337158
Driver info: io.appium.java_client.android.AndroidDriver
Capabilities [{platform=LINUX, app=C:\sdk\build-tools\android-4.4W\app-debug-12502.apk, javascriptEnabled=true, browserName=Android, desired={app=C:\sdk\build-tools\android-4.4W\app-debug-12502.apk, platformVersion=4.4.2, deviceName=SM-N750, platformName=Android, app-package=com.zopperapp.dev, app-activity=com.zopper.aegon.ui.activity.OnBoardingActivity, platformname=Android}, platformVersion=4.4.2, databaseEnabled=false, platformName=Android, deviceName=SM-N750, app-package=com.zopperapp.dev, webStorageEnabled=false, platformname=Android, app-activity=com.zopper.aegon.ui.activity.OnBoardingActivity, warnings={}, takesScreenshot=true}]">
      <![CDATA[org.openqa.selenium.NoSuchElementException: An element could not be located on the page using the given search parameters. (WARNING: The server did not provide any stacktrace information)
Command duration or timeout: 40.71 seconds
For documentation on this error, please visit: http://seleniumhq.org/exceptions/no_such_element.html
Build info: version: 'unknown', revision: 'unknown', time: 'unknown'
System info: host: 'LP-13', ip: '192.168.1.6', os.name: 'Windows 7', os.arch: 'amd64', os.version: '6.1', java.version: '1.7.0_75'
*** Element info: {Using=xpath, value=//android.widget.FrameLayout /android.support.v7.widget.RecyclerView /android.widget.RelativeLayout[1] /android.widget.TextView[1]}
Session ID: 5b2f3f36-0188-47e0-a3db-8bd7ee337158
Driver info: io.appium.java_client.android.AndroidDriver
Capabilities [{platform=LINUX, app=C:\sdk\build-tools\android-4.4W\app-debug-12502.apk, javascriptEnabled=true, browserName=Android, desired={app=C:\sdk\build-tools\android-4.4W\app-debug-12502.apk, platformVersion=4.4.2, deviceName=SM-N750, platformName=Android, app-package=com.zopperapp.dev, app-activity=com.zopper.aegon.ui.activity.OnBoardingActivity, platformname=Android}, platformVersion=4.4.2, databaseEnabled=false, platformName=Android, deviceName=SM-N750, app-package=com.zopperapp.dev, webStorageEnabled=false, platformname=Android, app-activity=com.zopper.aegon.ui.activity.OnBoardingActivity, warnings={}, takesScreenshot=true}]
	at sun.reflect.GeneratedConstructorAccessor14.newInstance(Unknown Source)
	at sun.reflect.DelegatingConstructorAccessorImpl.newInstance(Unknown Source)
	at java.lang.reflect.Constructor.newInstance(Unknown Source)
	at org.openqa.selenium.remote.ErrorHandler.createThrowable(ErrorHandler.java:204)
	at org.openqa.selenium.remote.ErrorHandler.throwIfResponseFailed(ErrorHandler.java:156)
	at org.openqa.selenium.remote.RemoteWebDriver.execute(RemoteWebDriver.java:599)
	at io.appium.java_client.DefaultGenericMobileDriver.execute(DefaultGenericMobileDriver.java:27)
	at io.appium.java_client.AppiumDriver.execute(AppiumDriver.java:1)
	at io.appium.java_client.android.AndroidDriver.execute(AndroidDriver.java:1)
	at org.openqa.selenium.remote.RemoteWebDriver.findElement(RemoteWebDriver.java:352)
	at org.openqa.selenium.remote.RemoteWebDriver.findElementByXPath(RemoteWebDriver.java:449)
	at io.appium.java_client.DefaultGenericMobileDriver.findElementByXPath(DefaultGenericMobileDriver.java:99)
	at io.appium.java_client.AppiumDriver.findElementByXPath(AppiumDriver.java:1)
	at io.appium.java_client.android.AndroidDriver.findElementByXPath(AndroidDriver.java:1)
	at org.openqa.selenium.By$ByXPath.findElement(By.java:357)
	at org.openqa.selenium.remote.RemoteWebDriver.findElement(RemoteWebDriver.java:344)
	at io.appium.java_client.DefaultGenericMobileDriver.findElement(DefaultGenericMobileDriver.java:37)
	at io.appium.java_client.AppiumDriver.findElement(AppiumDriver.java:1)
	at io.appium.java_client.android.AndroidDriver.findElement(AndroidDriver.java:1)
	at Functional_Scenarios.BaseTest.findElementByXpath(BaseTest.java:67)
	at Functional_Scenarios.WMSTZWByLargeCategory.executeTestCase(WMSTZWByLargeCategory.java:33)
	at sun.reflect.NativeMethodAccessorImpl.invoke0(Native Method)
	at sun.reflect.NativeMethodAccessorImpl.invoke(Unknown Source)
	at sun.reflect.DelegatingMethodAccessorImpl.invoke(Unknown Source)
	at java.lang.reflect.Method.invoke(Unknown Source)
	at org.testng.internal.MethodInvocationHelper.invokeMethod(MethodInvocationHelper.java:84)
	at org.testng.internal.Invoker.invokeMethod(Invoker.java:714)
	at org.testng.internal.Invoker.retryFailed(Invoker.java:1049)
	at org.testng.internal.Invoker.invokeTestMethods(Invoker.java:1254)
	at org.testng.internal.TestMethodWorker.invokeTestMethods(TestMethodWorker.java:127)
	at org.testng.internal.TestMethodWorker.run(TestMethodWorker.java:111)
	at org.testng.TestRunner.privateRun(TestRunner.java:767)
	at org.testng.TestRunner.run(TestRunner.java:617)
	at org.testng.SuiteRunner.runTest(SuiteRunner.java:334)
	at org.testng.SuiteRunner.runSequentially(SuiteRunner.java:329)
	at org.testng.SuiteRunner.privateRun(SuiteRunner.java:291)
	at org.testng.SuiteRunner.run(SuiteRunner.java:240)
	at org.testng.SuiteRunnerWorker.runSuite(SuiteRunnerWorker.java:52)
	at org.testng.SuiteRunnerWorker.run(SuiteRunnerWorker.java:86)
	at org.testng.TestNG.runSuitesSequentially(TestNG.java:1224)
	at org.testng.TestNG.runSuitesLocally(TestNG.java:1149)
	at org.testng.TestNG.run(TestNG.java:1057)
	at org.testng.remote.RemoteTestNG.run(RemoteTestNG.java:111)
	at org.testng.remote.RemoteTestNG.initAndRun(RemoteTestNG.java:204)
	at org.testng.remote.RemoteTestNG.main(RemoteTestNG.java:175)
]]>
    </failure>
  </testcase> <!-- executeTestCase -->
</testsuite> <!-- Functional_Scenarios.WMSTZWByLargeCategory -->
